0 info it worked if it ends with ok
1 verbose cli [ '/usr/local/bin/node', '/usr/local/bin/npm', 'run', 'lite' ]
2 info using npm@3.7.2
3 info using node@v5.6.0
4 verbose run-script [ 'prelite', 'lite', 'postlite' ]
5 info lifecycle angular-jsxc@0.0.1~prelite: angular-jsxc@0.0.1
6 silly lifecycle angular-jsxc@0.0.1~prelite: no script for prelite, continuing
7 info lifecycle angular-jsxc@0.0.1~lite: angular-jsxc@0.0.1
8 verbose lifecycle angular-jsxc@0.0.1~lite: unsafe-perm in lifecycle true
9 verbose lifecycle angular-jsxc@0.0.1~lite: PATH: /usr/local/lib/node_modules/npm/bin/node-gyp-bin:/Users/mahmutduva/Desktop/myProjects/angular-jsxc/node_modules/.bin:/usr/local/bin:/Users/mahmutduva/.rvm/gems/ruby-2.2.3/bin:/Users/mahmutduva/.rvm/gems/ruby-2.2.3@global/bin:/Users/mahmutduva/.rvm/rubies/ruby-2.2.3/bin:/Library/Frameworks/Python.framework/Versions/2.7/bin:/usr/local/bin:/usr/bin:/bin:/usr/sbin:/sbin:/opt/X11/bin:/Users/mahmutduva/.rvm/gems/ruby-2.2.1/bin:/Users/mahmutduva/.rvm/gems/ruby-2.2.1@global/bin:/Users/mahmutduva/.rvm/rubies/ruby-2.2.1/bin:/usr/local/bin:/usr/bin:/bin:/usr/sbin:/sbin:/opt/X11/bin:/Users/mahmutduva/.rvm/bin:/Users/mahmutduva/.rvm/bin
10 verbose lifecycle angular-jsxc@0.0.1~lite: CWD: /Users/mahmutduva/Desktop/myProjects/angular-jsxc
11 silly lifecycle angular-jsxc@0.0.1~lite: Args: [ '-c', 'lite-server' ]
12 silly lifecycle angular-jsxc@0.0.1~lite: Returned: code: 1  signal: null
13 info lifecycle angular-jsxc@0.0.1~lite: Failed to exec lite script
14 verbose stack Error: angular-jsxc@0.0.1 lite: `lite-server`
14 verbose stack Exit status 1
14 verbose stack     at EventEmitter.<anonymous> (/usr/local/lib/node_modules/npm/lib/utils/lifecycle.js:239:16)
14 verbose stack     at emitTwo (events.js:100:13)
14 verbose stack     at EventEmitter.emit (events.js:185:7)
14 verbose stack     at ChildProcess.<anonymous> (/usr/local/lib/node_modules/npm/lib/utils/spawn.js:24:14)
14 verbose stack     at emitTwo (events.js:100:13)
14 verbose stack     at ChildProcess.emit (events.js:185:7)
14 verbose stack     at maybeClose (internal/child_process.js:827:16)
14 verbose stack     at Process.ChildProcess._handle.onexit (internal/child_process.js:211:5)
15 verbose pkgid angular-jsxc@0.0.1
16 verbose cwd /Users/mahmutduva/Desktop/myProjects/angular-jsxc
17 error Darwin 15.4.0
18 error argv "/usr/local/bin/node" "/usr/local/bin/npm" "run" "lite"
19 error node v5.6.0
20 error npm  v3.7.2
21 error code ELIFECYCLE
22 error angular-jsxc@0.0.1 lite: `lite-server`
22 error Exit status 1
23 error Failed at the angular-jsxc@0.0.1 lite script 'lite-server'.
23 error Make sure you have the latest version of node.js and npm installed.
23 error If you do, this is most likely a problem with the angular-jsxc package,
23 error not with npm itself.
23 error Tell the author that this fails on your system:
23 error     lite-server
23 error You can get information on how to open an issue for this project with:
23 error     npm bugs angular-jsxc
23 error Or if that isn't available, you can get their info via:
23 error     npm owner ls angular-jsxc
23 error There is likely additional logging output above.
24 verbose exit [ 1, true ]
